lib_ucrop/build/intermediates/manifest_merge_blame_file/release/manifest-merger-blame-release-report.txt
1<?xml version="1.0" encoding="utf-8"?>
2<manifest xmlns:android="http://schemas.android.com/apk/res/android"
3    package="com.yalantis.ucrop" >
4
5    <uses-sdk
6        android:minSdkVersion="19"
6-->src/main/AndroidManifest.xml
7        android:targetSdkVersion="29" />
7-->src/main/AndroidManifest.xml
8
9    <application>
9-->src/main/AndroidManifest.xml:5:5-19:19
10        <activity
10-->src/main/AndroidManifest.xml:8:9-12:72
11            android:name="com.yalantis.ucrop.UCropActivity"
11-->src/main/AndroidManifest.xml:9:13-60
12            android:configChanges="orientation|keyboardHidden|screenSize"
12-->src/main/AndroidManifest.xml:10:13-74
13            android:screenOrientation="portrait"
13-->src/main/AndroidManifest.xml:11:13-49
14            android:theme="@style/Theme.AppCompat.Light.NoActionBar" />
14-->src/main/AndroidManifest.xml:12:13-69
15        <activity
15-->src/main/AndroidManifest.xml:13:9-17:72
16            android:name="com.yalantis.ucrop.UCropMultipleActivity"
16-->src/main/AndroidManifest.xml:14:13-68
17            android:configChanges="orientation|keyboardHidden|screenSize"
17-->src/main/AndroidManifest.xml:15:13-74
18            android:screenOrientation="portrait"
18-->src/main/AndroidManifest.xml:16:13-49
19            android:theme="@style/Theme.AppCompat.Light.NoActionBar" />
19-->src/main/AndroidManifest.xml:17:13-69
20    </application>
21
22</manifest>